Using pre-set license
Built from '2020.3/staging' branch; Version is '2020.3.8f1 (507919d4fff5) revision 5273881'; Using compiler version '192528614'; Build Type 'Release'
OS: 'Windows 10 Home; OS build 19042.985; Version 2009; 64bit' Language: 'it' Physical Memory: 8034 MB
BatchMode: 1, IsHumanControllingUs: 0, StartBugReporterOnCrash: 0, Is64bit: 1, IsPro: 0

 COMMAND LINE ARGUMENTS:
C:\Program Files\Unity\Hub\Editor\2020.3.8f1\Editor\Unity.exe
-adb2
-batchMode
-noUpm
-name
AssetImportWorker0
-projectPath
C:/Users/franc/Documents/GitHub/TAFE Repositories/FraWork
-logFile
Logs/AssetImportWorker0.log
-srvPort
50736
Successfully changed project path to: C:/Users/franc/Documents/GitHub/TAFE Repositories/FraWork
C:/Users/franc/Documents/GitHub/TAFE Repositories/FraWork
Using Asset Import Pipeline V2.
Refreshing native plugins compatible for Editor in 38.84 ms, found 0 plugins.
Preloading 0 native plugins for Editor in 0.00 ms.
Initialize engine version: 2020.3.8f1 (507919d4fff5)
[Subsystems] Discovering subsystems at path C:/Program Files/Unity/Hub/Editor/2020.3.8f1/Editor/Data/Resources/UnitySubsystems
[Subsystems] Discovering subsystems at path C:/Users/franc/Documents/GitHub/TAFE Repositories/FraWork/Assets
GfxDevice: creating device client; threaded=0
Direct3D:
    Version:  Direct3D 11.0 [level 11.1]
    Renderer: Intel(R) HD Graphics 620 (ID=0x5916)
    Vendor:   
    VRAM:     4017 MB
    Driver:   25.20.100.6446
Initialize mono
Mono path[0] = 'C:/Program Files/Unity/Hub/Editor/2020.3.8f1/Editor/Data/Managed'
Mono path[1] = 'C:/Program Files/Unity/Hub/Editor/2020.3.8f1/Editor/Data/MonoBleedingEdge/lib/mono/unityjit'
Mono config path = 'C:/Program Files/Unity/Hub/Editor/2020.3.8f1/Editor/Data/MonoBleedingEdge/etc'
Using monoOptions --debugger-agent=transport=dt_socket,embedding=1,server=y,suspend=n,address=127.0.0.1:56992
Begin MonoManager ReloadAssembly
Registering precompiled unity dll's ...
Register platform support module: C:/Program Files/Unity/Hub/Editor/2020.3.8f1/Editor/Data/PlaybackEngines/WindowsStandaloneSupport/UnityEditor.WindowsStandalone.Extensions.dll
Registered in 0.003436 seconds.
Native extension for WindowsStandalone target not found
Refreshing native plugins compatible for Editor in 55.29 ms, found 0 plugins.
Preloading 0 native plugins for Editor in 0.00 ms.
Mono: successfully reloaded assembly
- Completed reload, in  5.097 seconds
Platform modules already initialized, skipping
Registering precompiled user dll's ...
Registered in 0.002032 seconds.
Begin MonoManager ReloadAssembly
Native extension for WindowsStandalone target not found
Refreshing native plugins compatible for Editor in 0.42 ms, found 0 plugins.
Preloading 0 native plugins for Editor in 0.00 ms.
Mono: successfully reloaded assembly
- Completed reload, in  1.749 seconds
Platform modules already initialized, skipping
========================================================================
Worker process is ready to serve import requests
Launched and connected shader compiler UnityShaderCompiler.exe after 0.09 seconds
Refreshing native plugins compatible for Editor in 0.22 ms, found 0 plugins.
Preloading 0 native plugins for Editor in 0.00 ms.
Unloading 1140 Unused Serialized files (Serialized files now loaded: 0)
System memory in use before: 59.6 MB.
System memory in use after: 59.7 MB.

Unloading 9 unused Assets to reduce memory usage. Loaded Objects now: 1585.
Total: 1.801500 ms (FindLiveObjects: 0.137400 ms CreateObjectMapping: 0.039900 ms MarkObjects: 1.545000 ms  DeleteObjects: 0.077900 ms)

========================================================================
Received Import Request.
  path: Assets/FraWork/Mobile/JoystickInput.cs
  artifactKey: Guid(af71bd22028aa034c9ee371bf1746b1e) Importer(815301076,1909f56bfc062723c751e8b465ee728b)
Start importing Assets/FraWork/Mobile/JoystickInput.cs using Guid(af71bd22028aa034c9ee371bf1746b1e) Importer(815301076,1909f56bfc062723c751e8b465ee728b)  -> (artifact id: 'b89fd8210e299507cff0bb7b98539afd') in 0.081692 seconds
  Import took 0.084434 seconds .

========================================================================
Received Import Request.
  Time since last request: 253.298710 seconds.
  path: Assets/FraWork/Mobile/JoystickInput.cs
  artifactKey: Guid(af71bd22028aa034c9ee371bf1746b1e) Importer(815301076,1909f56bfc062723c751e8b465ee728b)
Start importing Assets/FraWork/Mobile/JoystickInput.cs using Guid(af71bd22028aa034c9ee371bf1746b1e) Importer(815301076,1909f56bfc062723c751e8b465ee728b)  -> (artifact id: '2ff44d99ebd64833887e4bc913b79b28') in 0.043432 seconds
  Import took 0.048789 seconds .

========================================================================
Received Prepare
Registering precompiled user dll's ...
Registered in 0.000807 seconds.
Begin MonoManager ReloadAssembly
Native extension for WindowsStandalone target not found
Refreshing native plugins compatible for Editor in 0.22 ms, found 0 plugins.
Preloading 0 native plugins for Editor in 0.00 ms.
Mono: successfully reloaded assembly
- Completed reload, in  1.285 seconds
Platform modules already initialized, skipping
Refreshing native plugins compatible for Editor in 0.30 ms, found 0 plugins.
Preloading 0 native plugins for Editor in 0.00 ms.
Unloading 1121 Unused Serialized files (Serialized files now loaded: 0)
System memory in use before: 58.2 MB.
System memory in use after: 58.3 MB.

Unloading 4 unused Assets to reduce memory usage. Loaded Objects now: 1588.
Total: 2.420600 ms (FindLiveObjects: 0.252500 ms CreateObjectMapping: 0.064800 ms MarkObjects: 2.053200 ms  DeleteObjects: 0.047400 ms)

========================================================================
Received Import Request.
  Time since last request: 103.198097 seconds.
  path: Assets/FraWork/Utils/Extensions
  artifactKey: Guid(6528a0c143c459a4ca6f3b2a4d443e04) Importer(815301076,1909f56bfc062723c751e8b465ee728b)
Start importing Assets/FraWork/Utils/Extensions using Guid(6528a0c143c459a4ca6f3b2a4d443e04) Importer(815301076,1909f56bfc062723c751e8b465ee728b)  -> (artifact id: '3dc891bf4b4a820c0c6c54ee95f06058') in 0.041321 seconds
  Import took 0.044386 seconds .

========================================================================
Received Import Request.
  Time since last request: 1.001293 seconds.
  path: Assets/FraWork/Utils/Extensions/Lists.cs
  artifactKey: Guid(5fbb0487547c54f4d9ca93cb8efdddcd) Importer(815301076,1909f56bfc062723c751e8b465ee728b)
Start importing Assets/FraWork/Utils/Extensions/Lists.cs using Guid(5fbb0487547c54f4d9ca93cb8efdddcd) Importer(815301076,1909f56bfc062723c751e8b465ee728b)  -> (artifact id: 'a153f4d610956488287e97d8c21db233') in 0.044052 seconds
  Import took 0.047311 seconds .

========================================================================
Received Prepare
Registering precompiled user dll's ...
Registered in 0.002736 seconds.
Begin MonoManager ReloadAssembly
Native extension for WindowsStandalone target not found
Refreshing native plugins compatible for Editor in 0.22 ms, found 0 plugins.
Preloading 0 native plugins for Editor in 0.00 ms.
Mono: successfully reloaded assembly
- Completed reload, in  1.233 seconds
Platform modules already initialized, skipping
Refreshing native plugins compatible for Editor in 0.22 ms, found 0 plugins.
Preloading 0 native plugins for Editor in 0.00 ms.
Unloading 1121 Unused Serialized files (Serialized files now loaded: 0)
System memory in use before: 58.2 MB.
System memory in use after: 58.3 MB.

Unloading 4 unused Assets to reduce memory usage. Loaded Objects now: 1591.
Total: 2.552100 ms (FindLiveObjects: 0.242500 ms CreateObjectMapping: 0.088200 ms MarkObjects: 2.199000 ms  DeleteObjects: 0.020500 ms)

========================================================================
Received Import Request.
  Time since last request: 154.203433 seconds.
  path: Assets/FraWork/Utils/Extensions/Lists.cs
  artifactKey: Guid(5fbb0487547c54f4d9ca93cb8efdddcd) Importer(815301076,1909f56bfc062723c751e8b465ee728b)
Start importing Assets/FraWork/Utils/Extensions/Lists.cs using Guid(5fbb0487547c54f4d9ca93cb8efdddcd) Importer(815301076,1909f56bfc062723c751e8b465ee728b)  -> (artifact id: '4f37c1e7ede1ece67ca48f2c905066b9') in 0.034643 seconds
  Import took 0.037798 seconds .

========================================================================
Received Prepare
Registering precompiled user dll's ...
Registered in 0.001309 seconds.
Begin MonoManager ReloadAssembly
Native extension for WindowsStandalone target not found
Refreshing native plugins compatible for Editor in 0.28 ms, found 0 plugins.
Preloading 0 native plugins for Editor in 0.00 ms.
Mono: successfully reloaded assembly
- Completed reload, in  1.392 seconds
Platform modules already initialized, skipping
Refreshing native plugins compatible for Editor in 0.22 ms, found 0 plugins.
Preloading 0 native plugins for Editor in 0.00 ms.
Unloading 1121 Unused Serialized files (Serialized files now loaded: 0)
System memory in use before: 58.2 MB.
System memory in use after: 58.3 MB.

Unloading 4 unused Assets to reduce memory usage. Loaded Objects now: 1594.
Total: 1.835400 ms (FindLiveObjects: 0.132500 ms CreateObjectMapping: 0.037700 ms MarkObjects: 1.645600 ms  DeleteObjects: 0.018200 ms)

========================================================================
Received Import Request.
  Time since last request: 151.689284 seconds.
  path: Assets/FraWork/Utils/Extensions/Lists.cs
  artifactKey: Guid(5fbb0487547c54f4d9ca93cb8efdddcd) Importer(815301076,1909f56bfc062723c751e8b465ee728b)
Start importing Assets/FraWork/Utils/Extensions/Lists.cs using Guid(5fbb0487547c54f4d9ca93cb8efdddcd) Importer(815301076,1909f56bfc062723c751e8b465ee728b)  -> (artifact id: '02b56898d16dff44e6f47cebe3ffd755') in 0.034619 seconds
  Import took 0.037297 seconds .

AssetImportWorkerClient::OnTransportError - code=2 error=End of file
