Using pre-set license
Built from '2020.3/staging' branch; Version is '2020.3.8f1 (507919d4fff5) revision 5273881'; Using compiler version '192528614'; Build Type 'Release'
OS: 'Windows 10 Home; OS build 19042.985; Version 2009; 64bit' Language: 'it' Physical Memory: 8034 MB
BatchMode: 1, IsHumanControllingUs: 0, StartBugReporterOnCrash: 0, Is64bit: 1, IsPro: 0

 COMMAND LINE ARGUMENTS:
C:\Program Files\Unity\Hub\Editor\2020.3.8f1\Editor\Unity.exe
-adb2
-batchMode
-noUpm
-name
AssetImportWorker0
-projectPath
C:/Users/franc/Documents/GitHub/TAFE Repositories/FraWork
-logFile
Logs/AssetImportWorker0.log
-srvPort
56044
Successfully changed project path to: C:/Users/franc/Documents/GitHub/TAFE Repositories/FraWork
C:/Users/franc/Documents/GitHub/TAFE Repositories/FraWork
Using Asset Import Pipeline V2.
Refreshing native plugins compatible for Editor in 35.30 ms, found 0 plugins.
Preloading 0 native plugins for Editor in 0.00 ms.
Initialize engine version: 2020.3.8f1 (507919d4fff5)
[Subsystems] Discovering subsystems at path C:/Program Files/Unity/Hub/Editor/2020.3.8f1/Editor/Data/Resources/UnitySubsystems
[Subsystems] Discovering subsystems at path C:/Users/franc/Documents/GitHub/TAFE Repositories/FraWork/Assets
GfxDevice: creating device client; threaded=0
Direct3D:
    Version:  Direct3D 11.0 [level 11.1]
    Renderer: Intel(R) HD Graphics 620 (ID=0x5916)
    Vendor:   
    VRAM:     4017 MB
    Driver:   25.20.100.6446
Initialize mono
Mono path[0] = 'C:/Program Files/Unity/Hub/Editor/2020.3.8f1/Editor/Data/Managed'
Mono path[1] = 'C:/Program Files/Unity/Hub/Editor/2020.3.8f1/Editor/Data/MonoBleedingEdge/lib/mono/unityjit'
Mono config path = 'C:/Program Files/Unity/Hub/Editor/2020.3.8f1/Editor/Data/MonoBleedingEdge/etc'
Using monoOptions --debugger-agent=transport=dt_socket,embedding=1,server=y,suspend=n,address=127.0.0.1:56592
Begin MonoManager ReloadAssembly
Registering precompiled unity dll's ...
Register platform support module: C:/Program Files/Unity/Hub/Editor/2020.3.8f1/Editor/Data/PlaybackEngines/WindowsStandaloneSupport/UnityEditor.WindowsStandalone.Extensions.dll
Registered in 0.003896 seconds.
Native extension for WindowsStandalone target not found
Refreshing native plugins compatible for Editor in 39.00 ms, found 0 plugins.
Preloading 0 native plugins for Editor in 0.00 ms.
Mono: successfully reloaded assembly
- Completed reload, in  2.998 seconds
Platform modules already initialized, skipping
Registering precompiled user dll's ...
Registered in 0.002160 seconds.
Begin MonoManager ReloadAssembly
Native extension for WindowsStandalone target not found
Refreshing native plugins compatible for Editor in 0.37 ms, found 0 plugins.
Preloading 0 native plugins for Editor in 0.00 ms.
Mono: successfully reloaded assembly
- Completed reload, in  1.835 seconds
Platform modules already initialized, skipping
========================================================================
Worker process is ready to serve import requests
Launched and connected shader compiler UnityShaderCompiler.exe after 0.10 seconds
Refreshing native plugins compatible for Editor in 0.22 ms, found 0 plugins.
Preloading 0 native plugins for Editor in 0.00 ms.
Unloading 1140 Unused Serialized files (Serialized files now loaded: 0)
System memory in use before: 59.7 MB.
System memory in use after: 59.7 MB.

Unloading 9 unused Assets to reduce memory usage. Loaded Objects now: 1585.
Total: 2.197900 ms (FindLiveObjects: 0.154500 ms CreateObjectMapping: 0.035100 ms MarkObjects: 1.857500 ms  DeleteObjects: 0.149300 ms)

========================================================================
Received Import Request.
  path: Assets/FraWork/Testing/HighscoreTable/newHighscoreManager 1.asset
  artifactKey: Guid(edec16b61f9236a4cb1360b0b872d4c5) Importer(815301076,1909f56bfc062723c751e8b465ee728b)
Start importing Assets/FraWork/Testing/HighscoreTable/newHighscoreManager 1.asset using Guid(edec16b61f9236a4cb1360b0b872d4c5) Importer(815301076,1909f56bfc062723c751e8b465ee728b)  -> (artifact id: '6d9149e6721a019b1bcde9622e392e10') in 0.128018 seconds
  Import took 0.136898 seconds .

========================================================================
Received Import Request.
  Time since last request: 1736.161815 seconds.
  path: Assets/FraWork/Editor/Highscore/HighscoreManagerEditor.uss
  artifactKey: Guid(b9b78a5a74d91f84fa3dd92e22bbc434) Importer(815301076,1909f56bfc062723c751e8b465ee728b)
Start importing Assets/FraWork/Editor/Highscore/HighscoreManagerEditor.uss using Guid(b9b78a5a74d91f84fa3dd92e22bbc434) Importer(815301076,1909f56bfc062723c751e8b465ee728b)  -> (artifact id: '0f162921a6736920e28d893f62fda820') in 0.379027 seconds
  Import took 0.497891 seconds .

========================================================================
Received Prepare
Registering precompiled user dll's ...
Registered in 0.002652 seconds.
Begin MonoManager ReloadAssembly
Native extension for WindowsStandalone target not found
Refreshing native plugins compatible for Editor in 0.89 ms, found 0 plugins.
Preloading 0 native plugins for Editor in 0.00 ms.
Mono: successfully reloaded assembly
- Completed reload, in  1.794 seconds
Platform modules already initialized, skipping
Refreshing native plugins compatible for Editor in 0.25 ms, found 0 plugins.
Preloading 0 native plugins for Editor in 0.00 ms.
Unloading 1121 Unused Serialized files (Serialized files now loaded: 0)
System memory in use before: 58.2 MB.
System memory in use after: 58.3 MB.

Unloading 4 unused Assets to reduce memory usage. Loaded Objects now: 1588.
Total: 13.031800 ms (FindLiveObjects: 0.804200 ms CreateObjectMapping: 0.154200 ms MarkObjects: 8.737100 ms  DeleteObjects: 3.333200 ms)

========================================================================
Received Prepare
Registering precompiled user dll's ...
Registered in 0.001326 seconds.
Begin MonoManager ReloadAssembly
Native extension for WindowsStandalone target not found
Refreshing native plugins compatible for Editor in 0.24 ms, found 0 plugins.
Preloading 0 native plugins for Editor in 0.00 ms.
Mono: successfully reloaded assembly
- Completed reload, in  1.277 seconds
Platform modules already initialized, skipping
Refreshing native plugins compatible for Editor in 0.23 ms, found 0 plugins.
Preloading 0 native plugins for Editor in 0.00 ms.
Unloading 1121 Unused Serialized files (Serialized files now loaded: 0)
System memory in use before: 58.3 MB.
System memory in use after: 58.4 MB.

Unloading 4 unused Assets to reduce memory usage. Loaded Objects now: 1591.
Total: 1.870200 ms (FindLiveObjects: 0.147800 ms CreateObjectMapping: 0.039000 ms MarkObjects: 1.664600 ms  DeleteObjects: 0.017500 ms)

========================================================================
Received Prepare
Registering precompiled user dll's ...
Registered in 0.001336 seconds.
Begin MonoManager ReloadAssembly
Native extension for WindowsStandalone target not found
Refreshing native plugins compatible for Editor in 0.22 ms, found 0 plugins.
Preloading 0 native plugins for Editor in 0.00 ms.
Mono: successfully reloaded assembly
- Completed reload, in  3.109 seconds
Platform modules already initialized, skipping
Refreshing native plugins compatible for Editor in 0.22 ms, found 0 plugins.
Preloading 0 native plugins for Editor in 0.00 ms.
Unloading 1121 Unused Serialized files (Serialized files now loaded: 0)
System memory in use before: 58.3 MB.
System memory in use after: 58.4 MB.

Unloading 4 unused Assets to reduce memory usage. Loaded Objects now: 1594.
Total: 1.895900 ms (FindLiveObjects: 0.204700 ms CreateObjectMapping: 0.043300 ms MarkObjects: 1.625600 ms  DeleteObjects: 0.020900 ms)

========================================================================
Received Prepare
Registering precompiled user dll's ...
Registered in 0.000895 seconds.
Begin MonoManager ReloadAssembly
Native extension for WindowsStandalone target not found
Refreshing native plugins compatible for Editor in 0.38 ms, found 0 plugins.
Preloading 0 native plugins for Editor in 0.00 ms.
Mono: successfully reloaded assembly
- Completed reload, in  1.375 seconds
Platform modules already initialized, skipping
Refreshing native plugins compatible for Editor in 0.23 ms, found 0 plugins.
Preloading 0 native plugins for Editor in 0.00 ms.
Unloading 1121 Unused Serialized files (Serialized files now loaded: 0)
System memory in use before: 58.3 MB.
System memory in use after: 58.4 MB.

Unloading 4 unused Assets to reduce memory usage. Loaded Objects now: 1597.
Total: 2.003600 ms (FindLiveObjects: 0.169200 ms CreateObjectMapping: 0.040400 ms MarkObjects: 1.772600 ms  DeleteObjects: 0.019800 ms)

========================================================================
Received Prepare
Registering precompiled user dll's ...
Registered in 0.001217 seconds.
Begin MonoManager ReloadAssembly
Native extension for WindowsStandalone target not found
Refreshing native plugins compatible for Editor in 0.23 ms, found 0 plugins.
Preloading 0 native plugins for Editor in 0.00 ms.
Mono: successfully reloaded assembly
- Completed reload, in  1.307 seconds
Platform modules already initialized, skipping
Refreshing native plugins compatible for Editor in 0.25 ms, found 0 plugins.
Preloading 0 native plugins for Editor in 0.00 ms.
Unloading 1121 Unused Serialized files (Serialized files now loaded: 0)
System memory in use before: 58.3 MB.
System memory in use after: 58.4 MB.

Unloading 4 unused Assets to reduce memory usage. Loaded Objects now: 1600.
Total: 2.135900 ms (FindLiveObjects: 0.235200 ms CreateObjectMapping: 0.083000 ms MarkObjects: 1.776700 ms  DeleteObjects: 0.038800 ms)

========================================================================
Received Prepare
Registering precompiled user dll's ...
Registered in 0.001588 seconds.
Begin MonoManager ReloadAssembly
Native extension for WindowsStandalone target not found
Refreshing native plugins compatible for Editor in 0.39 ms, found 0 plugins.
Preloading 0 native plugins for Editor in 0.00 ms.
Mono: successfully reloaded assembly
- Completed reload, in  3.469 seconds
Platform modules already initialized, skipping
Refreshing native plugins compatible for Editor in 0.35 ms, found 0 plugins.
Preloading 0 native plugins for Editor in 0.00 ms.
Unloading 1121 Unused Serialized files (Serialized files now loaded: 0)
System memory in use before: 58.3 MB.
System memory in use after: 58.4 MB.

Unloading 4 unused Assets to reduce memory usage. Loaded Objects now: 1603.
Total: 3.909100 ms (FindLiveObjects: 0.152400 ms CreateObjectMapping: 0.045800 ms MarkObjects: 3.678000 ms  DeleteObjects: 0.030400 ms)

========================================================================
Received Prepare
Registering precompiled user dll's ...
Registered in 0.002417 seconds.
Begin MonoManager ReloadAssembly
Native extension for WindowsStandalone target not found
Refreshing native plugins compatible for Editor in 0.25 ms, found 0 plugins.
Preloading 0 native plugins for Editor in 0.00 ms.
Mono: successfully reloaded assembly
- Completed reload, in  1.659 seconds
Platform modules already initialized, skipping
Refreshing native plugins compatible for Editor in 0.23 ms, found 0 plugins.
Preloading 0 native plugins for Editor in 0.00 ms.
Unloading 1121 Unused Serialized files (Serialized files now loaded: 0)
System memory in use before: 58.3 MB.
System memory in use after: 58.4 MB.

Unloading 4 unused Assets to reduce memory usage. Loaded Objects now: 1606.
Total: 1.931900 ms (FindLiveObjects: 0.150400 ms CreateObjectMapping: 0.040200 ms MarkObjects: 1.712800 ms  DeleteObjects: 0.026400 ms)

========================================================================
Received Prepare
Registering precompiled user dll's ...
Registered in 0.001107 seconds.
Begin MonoManager ReloadAssembly
Native extension for WindowsStandalone target not found
Refreshing native plugins compatible for Editor in 0.34 ms, found 0 plugins.
Preloading 0 native plugins for Editor in 0.00 ms.
Mono: successfully reloaded assembly
- Completed reload, in  1.386 seconds
Platform modules already initialized, skipping
Refreshing native plugins compatible for Editor in 0.28 ms, found 0 plugins.
Preloading 0 native plugins for Editor in 0.00 ms.
Unloading 1121 Unused Serialized files (Serialized files now loaded: 0)
System memory in use before: 58.3 MB.
System memory in use after: 58.4 MB.

Unloading 4 unused Assets to reduce memory usage. Loaded Objects now: 1609.
Total: 2.122000 ms (FindLiveObjects: 0.298000 ms CreateObjectMapping: 0.056900 ms MarkObjects: 1.746200 ms  DeleteObjects: 0.019400 ms)

========================================================================
Received Prepare
Registering precompiled user dll's ...
Registered in 0.000942 seconds.
Begin MonoManager ReloadAssembly
Native extension for WindowsStandalone target not found
Refreshing native plugins compatible for Editor in 0.27 ms, found 0 plugins.
Preloading 0 native plugins for Editor in 0.00 ms.
Mono: successfully reloaded assembly
- Completed reload, in  1.323 seconds
Platform modules already initialized, skipping
Refreshing native plugins compatible for Editor in 0.23 ms, found 0 plugins.
Preloading 0 native plugins for Editor in 0.00 ms.
Unloading 1121 Unused Serialized files (Serialized files now loaded: 0)
System memory in use before: 58.3 MB.
System memory in use after: 58.4 MB.

Unloading 4 unused Assets to reduce memory usage. Loaded Objects now: 1612.
Total: 1.953400 ms (FindLiveObjects: 0.167800 ms CreateObjectMapping: 0.041100 ms MarkObjects: 1.720500 ms  DeleteObjects: 0.021800 ms)

========================================================================
Received Prepare
Registering precompiled user dll's ...
Registered in 0.001440 seconds.
Begin MonoManager ReloadAssembly
Native extension for WindowsStandalone target not found
Refreshing native plugins compatible for Editor in 0.23 ms, found 0 plugins.
Preloading 0 native plugins for Editor in 0.00 ms.
Mono: successfully reloaded assembly
- Completed reload, in  1.252 seconds
Platform modules already initialized, skipping
Refreshing native plugins compatible for Editor in 0.24 ms, found 0 plugins.
Preloading 0 native plugins for Editor in 0.00 ms.
Unloading 1121 Unused Serialized files (Serialized files now loaded: 0)
System memory in use before: 58.3 MB.
System memory in use after: 58.4 MB.

Unloading 4 unused Assets to reduce memory usage. Loaded Objects now: 1615.
Total: 3.572900 ms (FindLiveObjects: 0.151100 ms CreateObjectMapping: 0.041400 ms MarkObjects: 3.359800 ms  DeleteObjects: 0.018700 ms)

========================================================================
Received Prepare
Registering precompiled user dll's ...
Registered in 0.000847 seconds.
Begin MonoManager ReloadAssembly
Native extension for WindowsStandalone target not found
Refreshing native plugins compatible for Editor in 0.23 ms, found 0 plugins.
Preloading 0 native plugins for Editor in 0.00 ms.
Mono: successfully reloaded assembly
- Completed reload, in  1.370 seconds
Platform modules already initialized, skipping
Refreshing native plugins compatible for Editor in 0.22 ms, found 0 plugins.
Preloading 0 native plugins for Editor in 0.00 ms.
Unloading 1121 Unused Serialized files (Serialized files now loaded: 0)
System memory in use before: 58.3 MB.
System memory in use after: 58.4 MB.

Unloading 4 unused Assets to reduce memory usage. Loaded Objects now: 1618.
Total: 1.957100 ms (FindLiveObjects: 0.170300 ms CreateObjectMapping: 0.038200 ms MarkObjects: 1.726400 ms  DeleteObjects: 0.020700 ms)

========================================================================
Received Prepare
Registering precompiled user dll's ...
Registered in 0.001303 seconds.
Begin MonoManager ReloadAssembly
Native extension for WindowsStandalone target not found
Refreshing native plugins compatible for Editor in 0.23 ms, found 0 plugins.
Preloading 0 native plugins for Editor in 0.00 ms.
Mono: successfully reloaded assembly
- Completed reload, in  2.018 seconds
Platform modules already initialized, skipping
Refreshing native plugins compatible for Editor in 0.24 ms, found 0 plugins.
Preloading 0 native plugins for Editor in 0.00 ms.
Unloading 1121 Unused Serialized files (Serialized files now loaded: 0)
System memory in use before: 58.3 MB.
System memory in use after: 58.4 MB.

Unloading 4 unused Assets to reduce memory usage. Loaded Objects now: 1621.
Total: 2.087800 ms (FindLiveObjects: 0.143000 ms CreateObjectMapping: 0.037000 ms MarkObjects: 1.886000 ms  DeleteObjects: 0.019900 ms)

========================================================================
Received Prepare
Registering precompiled user dll's ...
Registered in 0.001454 seconds.
Begin MonoManager ReloadAssembly
Native extension for WindowsStandalone target not found
Refreshing native plugins compatible for Editor in 0.22 ms, found 0 plugins.
Preloading 0 native plugins for Editor in 0.00 ms.
Mono: successfully reloaded assembly
- Completed reload, in  1.562 seconds
Platform modules already initialized, skipping
Refreshing native plugins compatible for Editor in 0.24 ms, found 0 plugins.
Preloading 0 native plugins for Editor in 0.00 ms.
Unloading 1121 Unused Serialized files (Serialized files now loaded: 0)
System memory in use before: 58.3 MB.
System memory in use after: 58.4 MB.

Unloading 4 unused Assets to reduce memory usage. Loaded Objects now: 1624.
Total: 2.119200 ms (FindLiveObjects: 0.208400 ms CreateObjectMapping: 0.061800 ms MarkObjects: 1.827000 ms  DeleteObjects: 0.020500 ms)

========================================================================
Received Prepare
Registering precompiled user dll's ...
Registered in 0.000888 seconds.
Begin MonoManager ReloadAssembly
Native extension for WindowsStandalone target not found
Refreshing native plugins compatible for Editor in 0.50 ms, found 0 plugins.
Preloading 0 native plugins for Editor in 0.00 ms.
Mono: successfully reloaded assembly
- Completed reload, in  1.916 seconds
Platform modules already initialized, skipping
Refreshing native plugins compatible for Editor in 0.23 ms, found 0 plugins.
Preloading 0 native plugins for Editor in 0.00 ms.
Unloading 1121 Unused Serialized files (Serialized files now loaded: 0)
System memory in use before: 58.3 MB.
System memory in use after: 58.4 MB.

Unloading 4 unused Assets to reduce memory usage. Loaded Objects now: 1627.
Total: 2.282100 ms (FindLiveObjects: 0.208600 ms CreateObjectMapping: 0.064000 ms MarkObjects: 1.978900 ms  DeleteObjects: 0.028400 ms)

========================================================================
Received Prepare
Registering precompiled user dll's ...
Registered in 0.002537 seconds.
Begin MonoManager ReloadAssembly
Native extension for WindowsStandalone target not found
Refreshing native plugins compatible for Editor in 0.25 ms, found 0 plugins.
Preloading 0 native plugins for Editor in 0.00 ms.
Mono: successfully reloaded assembly
- Completed reload, in  1.425 seconds
Platform modules already initialized, skipping
Refreshing native plugins compatible for Editor in 0.24 ms, found 0 plugins.
Preloading 0 native plugins for Editor in 0.00 ms.
Unloading 1121 Unused Serialized files (Serialized files now loaded: 0)
System memory in use before: 58.3 MB.
System memory in use after: 58.4 MB.

Unloading 4 unused Assets to reduce memory usage. Loaded Objects now: 1630.
Total: 1.955500 ms (FindLiveObjects: 0.169800 ms CreateObjectMapping: 0.043100 ms MarkObjects: 1.724300 ms  DeleteObjects: 0.017000 ms)

========================================================================
Received Prepare
Registering precompiled user dll's ...
Registered in 0.002067 seconds.
Begin MonoManager ReloadAssembly
Native extension for WindowsStandalone target not found
Refreshing native plugins compatible for Editor in 0.38 ms, found 0 plugins.
Preloading 0 native plugins for Editor in 0.00 ms.
Mono: successfully reloaded assembly
- Completed reload, in  2.744 seconds
Platform modules already initialized, skipping
Refreshing native plugins compatible for Editor in 0.30 ms, found 0 plugins.
Preloading 0 native plugins for Editor in 0.00 ms.
Unloading 1121 Unused Serialized files (Serialized files now loaded: 0)
System memory in use before: 58.3 MB.
System memory in use after: 58.4 MB.

Unloading 4 unused Assets to reduce memory usage. Loaded Objects now: 1633.
Total: 5.036700 ms (FindLiveObjects: 0.235300 ms CreateObjectMapping: 0.080000 ms MarkObjects: 4.048600 ms  DeleteObjects: 0.670000 ms)

========================================================================
Received Prepare
Registering precompiled user dll's ...
Registered in 0.000875 seconds.
Begin MonoManager ReloadAssembly
Native extension for WindowsStandalone target not found
Refreshing native plugins compatible for Editor in 0.22 ms, found 0 plugins.
Preloading 0 native plugins for Editor in 0.00 ms.
Mono: successfully reloaded assembly
- Completed reload, in  1.632 seconds
Platform modules already initialized, skipping
Refreshing native plugins compatible for Editor in 0.25 ms, found 0 plugins.
Preloading 0 native plugins for Editor in 0.00 ms.
Unloading 1121 Unused Serialized files (Serialized files now loaded: 0)
System memory in use before: 58.3 MB.
System memory in use after: 58.4 MB.

Unloading 4 unused Assets to reduce memory usage. Loaded Objects now: 1636.
Total: 4.813600 ms (FindLiveObjects: 0.367400 ms CreateObjectMapping: 0.152600 ms MarkObjects: 4.271000 ms  DeleteObjects: 0.020900 ms)

========================================================================
Received Prepare
Registering precompiled user dll's ...
Registered in 0.001160 seconds.
Begin MonoManager ReloadAssembly
Native extension for WindowsStandalone target not found
Refreshing native plugins compatible for Editor in 0.27 ms, found 0 plugins.
Preloading 0 native plugins for Editor in 0.00 ms.
Mono: successfully reloaded assembly
- Completed reload, in  1.469 seconds
Platform modules already initialized, skipping
Refreshing native plugins compatible for Editor in 0.30 ms, found 0 plugins.
Preloading 0 native plugins for Editor in 0.00 ms.
Unloading 1121 Unused Serialized files (Serialized files now loaded: 0)
System memory in use before: 58.4 MB.
System memory in use after: 58.5 MB.

Unloading 4 unused Assets to reduce memory usage. Loaded Objects now: 1639.
Total: 2.325100 ms (FindLiveObjects: 0.235800 ms CreateObjectMapping: 0.084600 ms MarkObjects: 1.983500 ms  DeleteObjects: 0.019600 ms)

========================================================================
Received Prepare
Registering precompiled user dll's ...
Registered in 0.001260 seconds.
Begin MonoManager ReloadAssembly
Native extension for WindowsStandalone target not found
Refreshing native plugins compatible for Editor in 0.22 ms, found 0 plugins.
Preloading 0 native plugins for Editor in 0.00 ms.
Mono: successfully reloaded assembly
- Completed reload, in  1.154 seconds
Platform modules already initialized, skipping
Refreshing native plugins compatible for Editor in 0.36 ms, found 0 plugins.
Preloading 0 native plugins for Editor in 0.00 ms.
Unloading 1121 Unused Serialized files (Serialized files now loaded: 0)
System memory in use before: 58.4 MB.
System memory in use after: 58.5 MB.

Unloading 4 unused Assets to reduce memory usage. Loaded Objects now: 1642.
Total: 3.352300 ms (FindLiveObjects: 0.996800 ms CreateObjectMapping: 0.293800 ms MarkObjects: 2.039900 ms  DeleteObjects: 0.019900 ms)

========================================================================
Received Prepare
Registering precompiled user dll's ...
Registered in 0.000975 seconds.
Begin MonoManager ReloadAssembly
Native extension for WindowsStandalone target not found
Refreshing native plugins compatible for Editor in 0.24 ms, found 0 plugins.
Preloading 0 native plugins for Editor in 0.00 ms.
Mono: successfully reloaded assembly
- Completed reload, in  1.360 seconds
Platform modules already initialized, skipping
Refreshing native plugins compatible for Editor in 0.21 ms, found 0 plugins.
Preloading 0 native plugins for Editor in 0.00 ms.
Unloading 1121 Unused Serialized files (Serialized files now loaded: 0)
System memory in use before: 58.4 MB.
System memory in use after: 58.5 MB.

Unloading 4 unused Assets to reduce memory usage. Loaded Objects now: 1645.
Total: 2.030600 ms (FindLiveObjects: 0.150600 ms CreateObjectMapping: 0.038200 ms MarkObjects: 1.821800 ms  DeleteObjects: 0.018700 ms)

========================================================================
Received Prepare
Registering precompiled user dll's ...
Registered in 0.001501 seconds.
Begin MonoManager ReloadAssembly
Native extension for WindowsStandalone target not found
Refreshing native plugins compatible for Editor in 0.23 ms, found 0 plugins.
Preloading 0 native plugins for Editor in 0.00 ms.
Mono: successfully reloaded assembly
- Completed reload, in  1.534 seconds
Platform modules already initialized, skipping
Refreshing native plugins compatible for Editor in 0.22 ms, found 0 plugins.
Preloading 0 native plugins for Editor in 0.00 ms.
Unloading 1121 Unused Serialized files (Serialized files now loaded: 0)
System memory in use before: 58.4 MB.
System memory in use after: 58.5 MB.

Unloading 4 unused Assets to reduce memory usage. Loaded Objects now: 1648.
Total: 1.964000 ms (FindLiveObjects: 0.148200 ms CreateObjectMapping: 0.047200 ms MarkObjects: 1.749100 ms  DeleteObjects: 0.017900 ms)

========================================================================
Received Import Request.
  Time since last request: 2702.931970 seconds.
  path: Assets/FraWork/Editor/Highscore/HighscoreManagerEditor.cs
  artifactKey: Guid(5c2e64f629b4ccb4aad6b5def981705f) Importer(815301076,1909f56bfc062723c751e8b465ee728b)
Start importing Assets/FraWork/Editor/Highscore/HighscoreManagerEditor.cs using Guid(5c2e64f629b4ccb4aad6b5def981705f) Importer(815301076,1909f56bfc062723c751e8b465ee728b)  -> (artifact id: '18961fb0e119c0360206b51459ee823a') in 0.275649 seconds
  Import took 0.315381 seconds .

========================================================================
Received Import Request.
  Time since last request: 0.146832 seconds.
  path: Assets/FraWork/Editor/Highscore/HighscoreManagerEditor.cs
  artifactKey: Guid(5c2e64f629b4ccb4aad6b5def981705f) Importer(815301076,1909f56bfc062723c751e8b465ee728b)
Start importing Assets/FraWork/Editor/Highscore/HighscoreManagerEditor.cs using Guid(5c2e64f629b4ccb4aad6b5def981705f) Importer(815301076,1909f56bfc062723c751e8b465ee728b)  -> (artifact id: '18961fb0e119c0360206b51459ee823a') in 0.077693 seconds
  Import took 0.098762 seconds .

========================================================================
Received Prepare
Registering precompiled user dll's ...
Registered in 0.001124 seconds.
Begin MonoManager ReloadAssembly
Native extension for WindowsStandalone target not found
Refreshing native plugins compatible for Editor in 0.26 ms, found 0 plugins.
Preloading 0 native plugins for Editor in 0.00 ms.
Mono: successfully reloaded assembly
- Completed reload, in  1.247 seconds
Platform modules already initialized, skipping
Refreshing native plugins compatible for Editor in 0.32 ms, found 0 plugins.
Preloading 0 native plugins for Editor in 0.00 ms.
Unloading 1121 Unused Serialized files (Serialized files now loaded: 0)
System memory in use before: 58.4 MB.
System memory in use after: 58.5 MB.

Unloading 4 unused Assets to reduce memory usage. Loaded Objects now: 1651.
Total: 2.158100 ms (FindLiveObjects: 0.235200 ms CreateObjectMapping: 0.057900 ms MarkObjects: 1.837000 ms  DeleteObjects: 0.026000 ms)

========================================================================
Received Import Request.
  Time since last request: 113.605871 seconds.
  path: Assets/FraWork/Editor/Highscore/HighscoreManagerEditor.cs
  artifactKey: Guid(5c2e64f629b4ccb4aad6b5def981705f) Importer(815301076,1909f56bfc062723c751e8b465ee728b)
Start importing Assets/FraWork/Editor/Highscore/HighscoreManagerEditor.cs using Guid(5c2e64f629b4ccb4aad6b5def981705f) Importer(815301076,1909f56bfc062723c751e8b465ee728b)  -> (artifact id: '32eacbbced49c07218ec47d05b13a39d') in 0.038006 seconds
  Import took 0.040983 seconds .

========================================================================
Received Import Request.
  Time since last request: 0.306950 seconds.
  path: Assets/FraWork/Editor/Highscore/HighscoreManagerEditor.cs
  artifactKey: Guid(5c2e64f629b4ccb4aad6b5def981705f) Importer(815301076,1909f56bfc062723c751e8b465ee728b)
Start importing Assets/FraWork/Editor/Highscore/HighscoreManagerEditor.cs using Guid(5c2e64f629b4ccb4aad6b5def981705f) Importer(815301076,1909f56bfc062723c751e8b465ee728b)  -> (artifact id: '32eacbbced49c07218ec47d05b13a39d') in 0.059995 seconds
  Import took 0.070072 seconds .

========================================================================
Received Prepare
Registering precompiled user dll's ...
Registered in 0.001800 seconds.
Begin MonoManager ReloadAssembly
Native extension for WindowsStandalone target not found
Refreshing native plugins compatible for Editor in 0.25 ms, found 0 plugins.
Preloading 0 native plugins for Editor in 0.00 ms.
Mono: successfully reloaded assembly
- Completed reload, in  1.240 seconds
Platform modules already initialized, skipping
Refreshing native plugins compatible for Editor in 0.22 ms, found 0 plugins.
Preloading 0 native plugins for Editor in 0.00 ms.
Unloading 1121 Unused Serialized files (Serialized files now loaded: 0)
System memory in use before: 58.4 MB.
System memory in use after: 58.5 MB.

Unloading 4 unused Assets to reduce memory usage. Loaded Objects now: 1654.
Total: 1.971900 ms (FindLiveObjects: 0.147500 ms CreateObjectMapping: 0.039400 ms MarkObjects: 1.763900 ms  DeleteObjects: 0.019900 ms)

========================================================================
Received Import Request.
  Time since last request: 174.673625 seconds.
  path: Assets/FraWork/Editor/Highscore/HighscoreManagerEditor.cs
  artifactKey: Guid(5c2e64f629b4ccb4aad6b5def981705f) Importer(815301076,1909f56bfc062723c751e8b465ee728b)
Start importing Assets/FraWork/Editor/Highscore/HighscoreManagerEditor.cs using Guid(5c2e64f629b4ccb4aad6b5def981705f) Importer(815301076,1909f56bfc062723c751e8b465ee728b)  -> (artifact id: '5667489f9a88411931e7c7b439268168') in 0.037141 seconds
  Import took 0.040814 seconds .

========================================================================
Received Prepare
Registering precompiled user dll's ...
Registered in 0.001165 seconds.
Begin MonoManager ReloadAssembly
Native extension for WindowsStandalone target not found
Refreshing native plugins compatible for Editor in 0.22 ms, found 0 plugins.
Preloading 0 native plugins for Editor in 0.00 ms.
Mono: successfully reloaded assembly
- Completed reload, in  1.693 seconds
Platform modules already initialized, skipping
Refreshing native plugins compatible for Editor in 0.23 ms, found 0 plugins.
Preloading 0 native plugins for Editor in 0.00 ms.
Unloading 1121 Unused Serialized files (Serialized files now loaded: 0)
System memory in use before: 58.4 MB.
System memory in use after: 58.5 MB.

Unloading 4 unused Assets to reduce memory usage. Loaded Objects now: 1657.
Total: 150.948400 ms (FindLiveObjects: 0.456200 ms CreateObjectMapping: 0.114600 ms MarkObjects: 21.103900 ms  DeleteObjects: 129.271500 ms)

========================================================================
Received Import Request.
  Time since last request: 244.793625 seconds.
  path: Assets/FraWork/Editor/Highscore/HighscoreManagerEditor.cs
  artifactKey: Guid(5c2e64f629b4ccb4aad6b5def981705f) Importer(815301076,1909f56bfc062723c751e8b465ee728b)
Start importing Assets/FraWork/Editor/Highscore/HighscoreManagerEditor.cs using Guid(5c2e64f629b4ccb4aad6b5def981705f) Importer(815301076,1909f56bfc062723c751e8b465ee728b)  -> (artifact id: '26b0b7e049039d846d9c2a814c912bc3') in 0.091796 seconds
  Import took 0.100283 seconds .

========================================================================
Received Prepare
Registering precompiled user dll's ...
Registered in 0.001828 seconds.
Begin MonoManager ReloadAssembly
Native extension for WindowsStandalone target not found
Refreshing native plugins compatible for Editor in 0.31 ms, found 0 plugins.
Preloading 0 native plugins for Editor in 0.00 ms.
Mono: successfully reloaded assembly
- Completed reload, in  1.475 seconds
Platform modules already initialized, skipping
Refreshing native plugins compatible for Editor in 0.30 ms, found 0 plugins.
Preloading 0 native plugins for Editor in 0.00 ms.
Unloading 1121 Unused Serialized files (Serialized files now loaded: 0)
System memory in use before: 58.4 MB.
System memory in use after: 58.5 MB.

Unloading 4 unused Assets to reduce memory usage. Loaded Objects now: 1660.
Total: 3.141700 ms (FindLiveObjects: 0.864900 ms CreateObjectMapping: 0.083600 ms MarkObjects: 2.169600 ms  DeleteObjects: 0.021600 ms)

========================================================================
Received Import Request.
  Time since last request: 153.201327 seconds.
  path: Assets/FraWork/Editor/Highscore/HighscoreManagerEditor.cs
  artifactKey: Guid(5c2e64f629b4ccb4aad6b5def981705f) Importer(815301076,1909f56bfc062723c751e8b465ee728b)
Start importing Assets/FraWork/Editor/Highscore/HighscoreManagerEditor.cs using Guid(5c2e64f629b4ccb4aad6b5def981705f) Importer(815301076,1909f56bfc062723c751e8b465ee728b)  -> (artifact id: '0b60a7fb71bd2af0c7132955fa3a8149') in 0.038061 seconds
  Import took 0.041472 seconds .

========================================================================
Received Prepare
Registering precompiled user dll's ...
Registered in 0.001387 seconds.
Begin MonoManager ReloadAssembly
Native extension for WindowsStandalone target not found
Refreshing native plugins compatible for Editor in 0.41 ms, found 0 plugins.
Preloading 0 native plugins for Editor in 0.00 ms.
Mono: successfully reloaded assembly
- Completed reload, in  1.655 seconds
Platform modules already initialized, skipping
Refreshing native plugins compatible for Editor in 0.45 ms, found 0 plugins.
Preloading 0 native plugins for Editor in 0.00 ms.
Unloading 1121 Unused Serialized files (Serialized files now loaded: 0)
System memory in use before: 58.4 MB.
System memory in use after: 58.5 MB.

Unloading 4 unused Assets to reduce memory usage. Loaded Objects now: 1663.
Total: 3.497100 ms (FindLiveObjects: 0.444500 ms CreateObjectMapping: 0.091800 ms MarkObjects: 2.938300 ms  DeleteObjects: 0.020600 ms)

========================================================================
Received Import Request.
  Time since last request: 185.298305 seconds.
  path: Assets/FraWork/Editor/Highscore/HighscoreManagerEditor.cs
  artifactKey: Guid(5c2e64f629b4ccb4aad6b5def981705f) Importer(815301076,1909f56bfc062723c751e8b465ee728b)
Start importing Assets/FraWork/Editor/Highscore/HighscoreManagerEditor.cs using Guid(5c2e64f629b4ccb4aad6b5def981705f) Importer(815301076,1909f56bfc062723c751e8b465ee728b)  -> (artifact id: 'ebc3f36244009a957b159773d5d990a2') in 0.041175 seconds
  Import took 0.044761 seconds .

========================================================================
Received Prepare
Registering precompiled user dll's ...
Registered in 0.000861 seconds.
Begin MonoManager ReloadAssembly
Native extension for WindowsStandalone target not found
Refreshing native plugins compatible for Editor in 0.28 ms, found 0 plugins.
Preloading 0 native plugins for Editor in 0.00 ms.
Mono: successfully reloaded assembly
- Completed reload, in  1.485 seconds
Platform modules already initialized, skipping
Refreshing native plugins compatible for Editor in 0.23 ms, found 0 plugins.
Preloading 0 native plugins for Editor in 0.00 ms.
Unloading 1121 Unused Serialized files (Serialized files now loaded: 0)
System memory in use before: 58.4 MB.
System memory in use after: 58.5 MB.

Unloading 4 unused Assets to reduce memory usage. Loaded Objects now: 1666.
Total: 2.377700 ms (FindLiveObjects: 0.188100 ms CreateObjectMapping: 0.050800 ms MarkObjects: 2.117400 ms  DeleteObjects: 0.020100 ms)

========================================================================
Received Prepare
Registering precompiled user dll's ...
Registered in 0.001152 seconds.
Begin MonoManager ReloadAssembly
Native extension for WindowsStandalone target not found
Refreshing native plugins compatible for Editor in 0.26 ms, found 0 plugins.
Preloading 0 native plugins for Editor in 0.00 ms.
Mono: successfully reloaded assembly
- Completed reload, in  1.366 seconds
Platform modules already initialized, skipping
Refreshing native plugins compatible for Editor in 0.26 ms, found 0 plugins.
Preloading 0 native plugins for Editor in 0.00 ms.
Unloading 1121 Unused Serialized files (Serialized files now loaded: 0)
System memory in use before: 58.4 MB.
System memory in use after: 58.5 MB.

Unloading 4 unused Assets to reduce memory usage. Loaded Objects now: 1669.
Total: 3.376300 ms (FindLiveObjects: 0.349000 ms CreateObjectMapping: 0.095600 ms MarkObjects: 2.903300 ms  DeleteObjects: 0.025700 ms)

========================================================================
Received Prepare
Registering precompiled user dll's ...
Registered in 0.001146 seconds.
Begin MonoManager ReloadAssembly
Native extension for WindowsStandalone target not found
Refreshing native plugins compatible for Editor in 0.22 ms, found 0 plugins.
Preloading 0 native plugins for Editor in 0.00 ms.
Mono: successfully reloaded assembly
- Completed reload, in  1.505 seconds
Platform modules already initialized, skipping
Refreshing native plugins compatible for Editor in 0.21 ms, found 0 plugins.
Preloading 0 native plugins for Editor in 0.00 ms.
Unloading 1121 Unused Serialized files (Serialized files now loaded: 0)
System memory in use before: 58.4 MB.
System memory in use after: 58.5 MB.

Unloading 4 unused Assets to reduce memory usage. Loaded Objects now: 1672.
Total: 2.422900 ms (FindLiveObjects: 0.158200 ms CreateObjectMapping: 0.039800 ms MarkObjects: 2.204000 ms  DeleteObjects: 0.019200 ms)

========================================================================
Received Prepare
Registering precompiled user dll's ...
Registered in 0.000883 seconds.
Begin MonoManager ReloadAssembly
Native extension for WindowsStandalone target not found
Refreshing native plugins compatible for Editor in 0.27 ms, found 0 plugins.
Preloading 0 native plugins for Editor in 0.00 ms.
Mono: successfully reloaded assembly
- Completed reload, in  2.113 seconds
Platform modules already initialized, skipping
Refreshing native plugins compatible for Editor in 0.23 ms, found 0 plugins.
Preloading 0 native plugins for Editor in 0.00 ms.
Unloading 1121 Unused Serialized files (Serialized files now loaded: 0)
System memory in use before: 58.4 MB.
System memory in use after: 58.5 MB.

Unloading 4 unused Assets to reduce memory usage. Loaded Objects now: 1675.
Total: 1.909300 ms (FindLiveObjects: 0.166900 ms CreateObjectMapping: 0.037000 ms MarkObjects: 1.677500 ms  DeleteObjects: 0.026300 ms)

========================================================================
Received Prepare
Registering precompiled user dll's ...
Registered in 0.000862 seconds.
Begin MonoManager ReloadAssembly
Native extension for WindowsStandalone target not found
Refreshing native plugins compatible for Editor in 0.28 ms, found 0 plugins.
Preloading 0 native plugins for Editor in 0.00 ms.
Mono: successfully reloaded assembly
- Completed reload, in  1.213 seconds
Platform modules already initialized, skipping
Refreshing native plugins compatible for Editor in 0.36 ms, found 0 plugins.
Preloading 0 native plugins for Editor in 0.00 ms.
Unloading 1121 Unused Serialized files (Serialized files now loaded: 0)
System memory in use before: 58.4 MB.
System memory in use after: 58.5 MB.

Unloading 4 unused Assets to reduce memory usage. Loaded Objects now: 1678.
Total: 1.981600 ms (FindLiveObjects: 0.248300 ms CreateObjectMapping: 0.051900 ms MarkObjects: 1.659500 ms  DeleteObjects: 0.020300 ms)

========================================================================
Received Prepare
Registering precompiled user dll's ...
Registered in 0.000838 seconds.
Begin MonoManager ReloadAssembly
Native extension for WindowsStandalone target not found
Refreshing native plugins compatible for Editor in 0.23 ms, found 0 plugins.
Preloading 0 native plugins for Editor in 0.00 ms.
Mono: successfully reloaded assembly
- Completed reload, in  2.237 seconds
Platform modules already initialized, skipping
Refreshing native plugins compatible for Editor in 0.52 ms, found 0 plugins.
Preloading 0 native plugins for Editor in 0.00 ms.
Unloading 1121 Unused Serialized files (Serialized files now loaded: 0)
System memory in use before: 58.4 MB.
System memory in use after: 58.5 MB.

Unloading 4 unused Assets to reduce memory usage. Loaded Objects now: 1681.
Total: 3.543500 ms (FindLiveObjects: 0.266200 ms CreateObjectMapping: 0.161800 ms MarkObjects: 3.089000 ms  DeleteObjects: 0.024400 ms)

========================================================================
Received Prepare
Registering precompiled user dll's ...
Registered in 0.001158 seconds.
Begin MonoManager ReloadAssembly
Native extension for WindowsStandalone target not found
Refreshing native plugins compatible for Editor in 0.23 ms, found 0 plugins.
Preloading 0 native plugins for Editor in 0.00 ms.
Mono: successfully reloaded assembly
- Completed reload, in  1.519 seconds
Platform modules already initialized, skipping
Refreshing native plugins compatible for Editor in 0.22 ms, found 0 plugins.
Preloading 0 native plugins for Editor in 0.00 ms.
Unloading 1121 Unused Serialized files (Serialized files now loaded: 0)
System memory in use before: 58.4 MB.
System memory in use after: 58.5 MB.

Unloading 4 unused Assets to reduce memory usage. Loaded Objects now: 1684.
Total: 1.878900 ms (FindLiveObjects: 0.147200 ms CreateObjectMapping: 0.042100 ms MarkObjects: 1.668700 ms  DeleteObjects: 0.019400 ms)

========================================================================
Received Prepare
Registering precompiled user dll's ...
Registered in 0.001651 seconds.
Begin MonoManager ReloadAssembly
Native extension for WindowsStandalone target not found
Refreshing native plugins compatible for Editor in 0.25 ms, found 0 plugins.
Preloading 0 native plugins for Editor in 0.00 ms.
Mono: successfully reloaded assembly
- Completed reload, in  1.428 seconds
Platform modules already initialized, skipping
Refreshing native plugins compatible for Editor in 0.23 ms, found 0 plugins.
Preloading 0 native plugins for Editor in 0.00 ms.
Unloading 1121 Unused Serialized files (Serialized files now loaded: 0)
System memory in use before: 58.4 MB.
System memory in use after: 58.5 MB.

Unloading 4 unused Assets to reduce memory usage. Loaded Objects now: 1687.
Total: 4.840300 ms (FindLiveObjects: 0.185800 ms CreateObjectMapping: 0.049200 ms MarkObjects: 4.572900 ms  DeleteObjects: 0.030100 ms)

========================================================================
Received Prepare
Registering precompiled user dll's ...
Registered in 0.001476 seconds.
Begin MonoManager ReloadAssembly
Native extension for WindowsStandalone target not found
Refreshing native plugins compatible for Editor in 0.25 ms, found 0 plugins.
Preloading 0 native plugins for Editor in 0.00 ms.
Mono: successfully reloaded assembly
- Completed reload, in  1.224 seconds
Platform modules already initialized, skipping
Refreshing native plugins compatible for Editor in 0.22 ms, found 0 plugins.
Preloading 0 native plugins for Editor in 0.00 ms.
Unloading 1121 Unused Serialized files (Serialized files now loaded: 0)
System memory in use before: 58.4 MB.
System memory in use after: 58.5 MB.

Unloading 4 unused Assets to reduce memory usage. Loaded Objects now: 1690.
Total: 2.441700 ms (FindLiveObjects: 0.148200 ms CreateObjectMapping: 0.038300 ms MarkObjects: 2.230400 ms  DeleteObjects: 0.023300 ms)

========================================================================
Received Prepare
Registering precompiled user dll's ...
Registered in 0.000834 seconds.
Begin MonoManager ReloadAssembly
Native extension for WindowsStandalone target not found
Refreshing native plugins compatible for Editor in 0.38 ms, found 0 plugins.
Preloading 0 native plugins for Editor in 0.00 ms.
Mono: successfully reloaded assembly
- Completed reload, in  1.414 seconds
Platform modules already initialized, skipping
Refreshing native plugins compatible for Editor in 0.23 ms, found 0 plugins.
Preloading 0 native plugins for Editor in 0.00 ms.
Unloading 1121 Unused Serialized files (Serialized files now loaded: 0)
System memory in use before: 58.5 MB.
System memory in use after: 58.6 MB.

Unloading 4 unused Assets to reduce memory usage. Loaded Objects now: 1693.
Total: 1.763100 ms (FindLiveObjects: 0.173400 ms CreateObjectMapping: 0.042700 ms MarkObjects: 1.527500 ms  DeleteObjects: 0.018300 ms)

========================================================================
Received Prepare
Registering precompiled user dll's ...
Registered in 0.000869 seconds.
Begin MonoManager ReloadAssembly
Native extension for WindowsStandalone target not found
Refreshing native plugins compatible for Editor in 0.28 ms, found 0 plugins.
Preloading 0 native plugins for Editor in 0.00 ms.
Mono: successfully reloaded assembly
- Completed reload, in  1.138 seconds
Platform modules already initialized, skipping
Refreshing native plugins compatible for Editor in 0.23 ms, found 0 plugins.
Preloading 0 native plugins for Editor in 0.00 ms.
Unloading 1121 Unused Serialized files (Serialized files now loaded: 0)
System memory in use before: 58.5 MB.
System memory in use after: 58.6 MB.

Unloading 4 unused Assets to reduce memory usage. Loaded Objects now: 1696.
Total: 2.537500 ms (FindLiveObjects: 0.229000 ms CreateObjectMapping: 0.044100 ms MarkObjects: 1.900400 ms  DeleteObjects: 0.361900 ms)

AssetImportWorkerClient::OnTransportError - code=2 error=End of file
